C51 COMPILER V9.59.0.0   CEJU                                                              04/18/2020 16:58:45 PAGE 1   


C51 COMPILER V9.59.0.0, COMPILATION OF MODULE CEJU
OBJECT MODULE PLACED IN .\Objects\ceju.obj
COMPILER INVOKED BY: C:\Keil_v5\C51\BIN\C51.EXE ceju.c OPTIMIZE(8,SPEED) BROWSE DEBUG OBJECTEXTEND PRINT(.\Listings\ceju
                    -.lst) TABS(2) OBJECT(.\Objects\ceju.obj)

line level    source

   1          #include<reg52.h>
   2          #include<intrins.h>
   3          #include<stdio.h>
   4          //»úÆ÷ÖÜÆÚ £¨1s/11.0592M£©*12=1.08507us
   5          
   6          sbit P1_0 = P1^2;
   7          sbit P1_1 = P1^1;
   8          sbit P1_3 = P1^3;
   9          unsigned int duration =0;
  10          double distance;
  11          bit flag = 0;
  12          unsigned int num =0;
  13          unsigned int count =0;
  14          void delay(unsigned int i){
  15   1        int a;
  16   1        for(a =0;a<i;a++){
  17   2        _nop_();
  18   2        }
  19   1      }
  20          
  21          void time2() interrupt 5{
  22   1        
  23   1      if(EXF2 ==1){
  24   2       EXF2 =0;
  25   2       duration = (RCAP2H<<8)|RCAP2L;
  26   2        distance = (duration*1.08507)/58;
  27   2       printf("%f",distance);
  28   2        }
  29   1      
  30   1        if(TF2 == 1){
  31   2        TF2 =0;
  32   2        }
  33   1      }
  34          
  35          void time0() interrupt 1{
  36   1      num++;
  37   1        if(num > 20){
  38   2        P1_0 = 1;
  39   2        delay(10);
  40   2        P1_0 =0;
  41   2        while(P1_1==0);
  42   2        TL2 = 0x00;
  43   2        TH2 = 0x00;
  44   2        num = 0;
  45   2         TH0 = (65536-45872)/256;
  46   2         TL0 = (65536-45872)%256;
  47   2          
  48   2          
  49   2        }
  50   1      }
  51          
  52          void main(){
  53   1        
  54   1        P1_0 = 0;
C51 COMPILER V9.59.0.0   CEJU                                                              04/18/2020 16:58:45 PAGE 2   

  55   1        P1_1 =0;
  56   1        
  57   1        EA = 1;
  58   1        ET2 = 1;
  59   1        EXEN2 =1;
  60   1        CP_RL2 =1;
  61   1        
  62   1        TMOD = 0x21;
  63   1        TI =1;
  64   1        
  65   1        SM0=0;
  66   1        SM1= 1;
  67   1        TR1 =1;
  68   1        TR2=1;
  69   1        
  70   1        TH1 = 0xfd;
  71   1        TL1 = 0xfd;
  72   1        
  73   1       ET0 =1;
  74   1       TR0 =1;
  75   1       TH0 = (65536-45872)/256;
  76   1       TL0 = (65536-45872)%256;
  77   1       
  78   1        
  79   1        flag =1;
  80   1        
  81   1        
  82   1      while(1);
  83   1      }


MODULE INFORMATION:   STATIC OVERLAYABLE
   CODE SIZE        =    269    ----
   CONSTANT SIZE    =      3    ----
   XDATA SIZE       =   ----    ----
   PDATA SIZE       =   ----    ----
   DATA SIZE        =     10    ----
   IDATA SIZE       =   ----    ----
   BIT SIZE         =      1    ----
END OF MODULE INFORMATION.


C51 COMPILATION COMPLETE.  0 WARNING(S),  0 ERROR(S)
