C51 COMPILER V9.59.0.0   LED                                                               04/16/2020 12:09:43 PAGE 1   


C51 COMPILER V9.59.0.0, COMPILATION OF MODULE LED
OBJECT MODULE PLACED IN .\Objects\led.obj
COMPILER INVOKED BY: C:\Keil_v5\C51\BIN\C51.EXE led.c OPTIMIZE(8,SPEED) BROWSE DEBUG OBJECTEXTEND PRINT(.\Listings\led.l
                    -st) TABS(2) OBJECT(.\Objects\led.obj)

line level    source

   1          #include<reg52.h>
   2          #include<intrins.h>
   3          #include<stdio.h>
   4          sbit P1_3 = P1^3;
   5          sbit P1_4 = P1^4;
   6          sbit P1_5 = P1^5;
   7          char str = 'A';
   8          bit end;
   9          void delay(unsigned int i){
  10   1        int a;
  11   1        for(a =0;a<i;a++){
  12   2        _nop_();
  13   2        }
  14   1      }
  15          
  16          void I20() interrupt 0{
  17   1        if(end == 1){
  18   2          end =0;
  19   2      P1_3 = !P1_3;
  20   2      printf("%c",str++);
  21   2          delay(10000);
  22   2          end =1;
  23   2        }
  24   1      }
  25          
  26          void main(){
  27   1        EA = 1;
  28   1        EX0 =1;
  29   1        IT0 = 1;
  30   1        TMOD = 0x20;
  31   1        TI =1;
  32   1        end =1;
  33   1        
  34   1        SM0=0;
  35   1        SM1= 1;
  36   1        TR1 =1;
  37   1        
  38   1        TH1 = 0xfd;
  39   1        TL1 = 0xfd;
  40   1      while(1);
  41   1      }


MODULE INFORMATION:   STATIC OVERLAYABLE
   CODE SIZE        =    133    ----
   CONSTANT SIZE    =      3    ----
   XDATA SIZE       =   ----    ----
   PDATA SIZE       =   ----    ----
   DATA SIZE        =      1    ----
   IDATA SIZE       =   ----    ----
   BIT SIZE         =      1    ----
END OF MODULE INFORMATION.


C51 COMPILATION COMPLETE.  0 WARNING(S),  0 ERROR(S)
