C51 COMPILER V9.59.0.0   LIGHT                                                             04/17/2020 13:47:28 PAGE 1   


C51 COMPILER V9.59.0.0, COMPILATION OF MODULE LIGHT
OBJECT MODULE PLACED IN .\Objects\light.obj
COMPILER INVOKED BY: C:\Keil_v5\C51\BIN\C51.EXE light.c OPTIMIZE(8,SPEED) BROWSE DEBUG OBJECTEXTEND PRINT(.\Listings\lig
                    -ht.lst) TABS(2) OBJECT(.\Objects\light.obj)

line level    source

   1          #include<reg52.h>
   2          #include<intrins.h>
   3          #include<stdio.h>
   4          sbit P1_3 = P1^3;
   5          sbit P1_4 = P1^4;
   6          
   7          void delay(unsigned int i){
   8   1        int a;
   9   1        for(a =0;a<i;a++){
  10   2        _nop_();
  11   2        }
  12   1      }
  13          void main(){
  14   1      
  15   1      while(1){
  16   2      
  17   2        if(P1_3 == 1){
  18   3        delay(20);
  19   3          if(P1_3 ==1){
  20   4          P1_4 =0;
  21   4          }
  22   3        }
  23   2        
  24   2        if(P1_3 == 0){
  25   3        delay(20);
  26   3          if(P1_3 ==0){
  27   4          P1_4 =1;
  28   4          }
  29   3        }
  30   2      
  31   2      }
  32   1      
  33   1      
  34   1      }


MODULE INFORMATION:   STATIC OVERLAYABLE
   CODE SIZE        =     51    ----
   CONSTANT SIZE    =   ----    ----
   XDATA SIZE       =   ----    ----
   PDATA SIZE       =   ----    ----
   DATA SIZE        =   ----    ----
   IDATA SIZE       =   ----    ----
   BIT SIZE         =   ----    ----
END OF MODULE INFORMATION.


C51 COMPILATION COMPLETE.  0 WARNING(S),  0 ERROR(S)
