C51 COMPILER V9.59.0.0   MAIN                                                              04/14/2020 22:23:52 PAGE 1   


C51 COMPILER V9.59.0.0, COMPILATION OF MODULE MAIN
OBJECT MODULE PLACED IN .\Objects\main.obj
COMPILER INVOKED BY: C:\Keil_v5\C51\BIN\C51.EXE main.c OPTIMIZE(8,SPEED) BROWSE DEBUG OBJECTEXTEND PRINT(.\Listings\main
                    -.lst) TABS(2) OBJECT(.\Objects\main.obj)

line level    source

   1          #include<reg52.h>
   2          #include<intrins.h>
   3          sbit rw = P2^2;
   4          sbit rs = P2^0;
   5          sbit e = P2^1;
   6          unsigned char table0[] = "I LOVE YOU GOOD FOR YOU 2281442260@qq.com HELLOW YOUT ARWE STUPID";
   7          unsigned char table1[] = "WLECOM";
   8          void delay(unsigned int i){
   9   1        int a;
  10   1        for(a =0;a<i;a++){
  11   2        _nop_();
  12   2        }
  13   1      }
  14          void write_com(unsigned char com){
  15   1      rs =0;
  16   1        rw =0;
  17   1      P3 = com;
  18   1      delay(10);
  19   1      e =  1;
  20   1      delay(10);
  21   1      e = 0;  
  22   1      }
  23          
  24          void write_data(unsigned char str){
  25   1      rs = 1;
  26   1        rw =0;
  27   1        P3 = str;
  28   1        delay(10);
  29   1        e = 1;
  30   1        delay(10);
  31   1        e =0;
  32   1      }
  33          
  34          void main(){
  35   1        int a =0;
  36   1        unsigned char cursor = 0x00;
  37   1        write_com(0x38);
  38   1        write_com(0x0c);
  39   1        write_com(0x06);
  40   1        for(a=0;a<50;a++){
  41   2          write_data(table0[a]);
  42   2          delay(10);
  43   2        }
  44   1        write_com(0x80+0x40);
  45   1        for(a= 0;a<6;a++){
  46   2        write_data(table1[a]);
  47   2        }
  48   1        while(1){
  49   2        write_com(0x1c);
  50   2          delay(10000);
  51   2        }
  52   1      
  53   1      }

C51 COMPILER V9.59.0.0   MAIN                                                              04/14/2020 22:23:52 PAGE 2   


MODULE INFORMATION:   STATIC OVERLAYABLE
   CODE SIZE        =    137    ----
   CONSTANT SIZE    =   ----    ----
   XDATA SIZE       =   ----    ----
   PDATA SIZE       =   ----    ----
   DATA SIZE        =     73       1
   IDATA SIZE       =   ----    ----
   BIT SIZE         =   ----    ----
END OF MODULE INFORMATION.


C51 COMPILATION COMPLETE.  0 WARNING(S),  0 ERROR(S)
