C51 COMPILER V9.59.0.0   MUSIC                                                             04/19/2020 17:25:11 PAGE 1   


C51 COMPILER V9.59.0.0, COMPILATION OF MODULE MUSIC
OBJECT MODULE PLACED IN .\Objects\music.obj
COMPILER INVOKED BY: C:\Keil_v5\C51\BIN\C51.EXE music.c OPTIMIZE(8,SPEED) BROWSE DEBUG OBJECTEXTEND PRINT(.\Listings\mus
                    -ic.lst) TABS(2) OBJECT(.\Objects\music.obj)

line level    source

   1          #include<reg52.h>
   2          #include<intrins.h>
   3          #include<stdio.h>
   4          
   5          sbit P2_3 = P2^3;
   6          
   7          void delay(unsigned char i){
   8   1       unsigned char n;
   9   1        for(n=0;n<i;n++){
  10   2        _nop_();
  11   2        }
  12   1      }
  13          
  14          void sendData(unsigned char str){
  15   1      
  16   1        SBUF = str;
  17   1        while(TI == 0);
  18   1        TI = 0;
  19   1        
  20   1      }
  21          
  22          void main(){
  23   1      
  24   1        TR1 = 1;//开T1定时器，作为串口的波特率发生器
  25   1        TMOD |= 0x20;
  26   1        TL1 = 0xFD;
  27   1        TH1 = 0xFD;
  28   1        
  29   1        SM0 = 0;
  30   1        SM1 = 1;
  31   1        REN = 1;
  32   1        
  33   1        
  34   1      while(1){ 
  35   2          if(P2_3==0){
  36   3           delay(100000000);
  37   3            if(P2_3 == 0){
  38   4            unsigned char n;
  39   4            //unsigned char comand[8] = {0x7E, 0xFF, 0x06, 0x01, 0x00, 0x00, 0x00, 0xEF};
  40   4            unsigned char comand[8] = {0x7E, 0xFF, 0x06,0x18, 0x00, 0x00, 0x00, 0xEF};
  41   4            for(n =0;n<8;n++){
  42   5                  sendData(comand[n]);
  43   5                }
  44   4            }
  45   3      
  46   3          }
  47   2        }
  48   1      }


MODULE INFORMATION:   STATIC OVERLAYABLE
   CODE SIZE        =     95    ----
   CONSTANT SIZE    =      8    ----
   XDATA SIZE       =   ----    ----
C51 COMPILER V9.59.0.0   MUSIC                                                             04/19/2020 17:25:11 PAGE 2   

   PDATA SIZE       =   ----    ----
   DATA SIZE        =   ----       9
   IDATA SIZE       =   ----    ----
   BIT SIZE         =   ----    ----
END OF MODULE INFORMATION.


C51 COMPILATION COMPLETE.  0 WARNING(S),  0 ERROR(S)
